The system is: Darwin - 17.7.0 - x86_64
Compiling the C compiler identification source file "CMakeCCompilerId.c" succeeded.
Compiler:  
Build flags: 
Id flags:  

The output was:
0
note: Using new build system
note: Planning build
note: Constructing build description
Build system information
warning: Traditional headermap style is no longer supported; please migrate to using separate headermaps and set 'ALWAYS_SEARCH_USER_PATHS' to NO. (in target 'CompilerIdC')

CreateBuildDirectory /Users/andreis4/Desktop/Telenav/Game/glfw-3.1.1/lib-MacOS-10.8/CMakeFiles/3.11.1/CompilerIdC (in target: CompilerIdC)
    cd /Users/andreis4/Desktop/Telenav/Game/glfw-3.1.1/lib-MacOS-10.8/CMakeFiles/3.11.1/CompilerIdC
    builtin-create-build-directory /Users/andreis4/Desktop/Telenav/Game/glfw-3.1.1/lib-MacOS-10.8/CMakeFiles/3.11.1/CompilerIdC

WriteAuxiliaryFile /Users/andreis4/Desktop/Telenav/Game/glfw-3.1.1/lib-MacOS-10.8/CMakeFiles/3.11.1/CompilerIdC/CompilerIdC.build/Debug/CompilerIdC.build/CompilerIdC.hmap (in target: CompilerIdC)
    cd /Users/andreis4/Desktop/Telenav/Game/glfw-3.1.1/lib-MacOS-10.8/CMakeFiles/3.11.1/CompilerIdC
    write-file /Users/andreis4/Desktop/Telenav/Game/glfw-3.1.1/lib-MacOS-10.8/CMakeFiles/3.11.1/CompilerIdC/CompilerIdC.build/Debug/CompilerIdC.build/CompilerIdC.hmap

WriteAuxiliaryFile /Users/andreis4/Desktop/Telenav/Game/glfw-3.1.1/lib-MacOS-10.8/CMakeFiles/3.11.1/CompilerIdC/CompilerIdC.build/Debug/CompilerIdC.build/all-product-headers.yaml (in target: CompilerIdC)
    cd /Users/andreis4/Desktop/Telenav/Game/glfw-3.1.1/lib-MacOS-10.8/CMakeFiles/3.11.1/CompilerIdC
    write-file /Users/andreis4/Desktop/Telenav/Game/glfw-3.1.1/lib-MacOS-10.8/CMakeFiles/3.11.1/CompilerIdC/CompilerIdC.build/Debug/CompilerIdC.build/all-product-headers.yaml

WriteAuxiliaryFile /Users/andreis4/Desktop/Telenav/Game/glfw-3.1.1/lib-MacOS-10.8/CMakeFiles/3.11.1/CompilerIdC/CompilerIdC.build/Debug/CompilerIdC.build/CompilerIdC-generated-files.hmap (in target: CompilerIdC)
    cd /Users/andreis4/Desktop/Telenav/Game/glfw-3.1.1/lib-MacOS-10.8/CMakeFiles/3.11.1/CompilerIdC
    write-file /Users/andreis4/Desktop/Telenav/Game/glfw-3.1.1/lib-MacOS-10.8/CMakeFiles/3.11.1/CompilerIdC/CompilerIdC.build/Debug/CompilerIdC.build/CompilerIdC-generated-files.hmap

WriteAuxiliaryFile /Users/andreis4/Desktop/Telenav/Game/glfw-3.1.1/lib-MacOS-10.8/CMakeFiles/3.11.1/CompilerIdC/CompilerIdC.build/Debug/CompilerIdC.build/CompilerIdC-own-target-headers.hmap (in target: CompilerIdC)
    cd /Users/andreis4/Desktop/Telenav/Game/glfw-3.1.1/lib-MacOS-10.8/CMakeFiles/3.11.1/CompilerIdC
    write-file /Users/andreis4/Desktop/Telenav/Game/glfw-3.1.1/lib-MacOS-10.8/CMakeFiles/3.11.1/CompilerIdC/CompilerIdC.build/Debug/CompilerIdC.build/CompilerIdC-own-target-headers.hmap

WriteAuxiliaryFile /Users/andreis4/Desktop/Telenav/Game/glfw-3.1.1/lib-MacOS-10.8/CMakeFiles/3.11.1/CompilerIdC/CompilerIdC.build/Debug/CompilerIdC.build/CompilerIdC-all-target-headers.hmap (in target: CompilerIdC)
    cd /Users/andreis4/Desktop/Telenav/Game/glfw-3.1.1/lib-MacOS-10.8/CMakeFiles/3.11.1/CompilerIdC
    write-file /Users/andreis4/Desktop/Telenav/Game/glfw-3.1.1/lib-MacOS-10.8/CMakeFiles/3.11.1/CompilerIdC/CompilerIdC.build/Debug/CompilerIdC.build/CompilerIdC-all-target-headers.hmap

WriteAuxiliaryFile /Users/andreis4/Desktop/Telenav/Game/glfw-3.1.1/lib-MacOS-10.8/CMakeFiles/3.11.1/CompilerIdC/CompilerIdC.build/Debug/CompilerIdC.build/CompilerIdC-project-headers.hmap (in target: CompilerIdC)
    cd /Users/andreis4/Desktop/Telenav/Game/glfw-3.1.1/lib-MacOS-10.8/CMakeFiles/3.11.1/CompilerIdC
    write-file /Users/andreis4/Desktop/Telenav/Game/glfw-3.1.1/lib-MacOS-10.8/CMakeFiles/3.11.1/CompilerIdC/CompilerIdC.build/Debug/CompilerIdC.build/CompilerIdC-project-headers.hmap

WriteAuxiliaryFile /Users/andreis4/Desktop/Telenav/Game/glfw-3.1.1/lib-MacOS-10.8/CMakeFiles/3.11.1/CompilerIdC/CompilerIdC.build/Debug/CompilerIdC.build/CompilerIdC-all-non-framework-target-headers.hmap (in target: CompilerIdC)
    cd /Users/andreis4/Desktop/Telenav/Game/glfw-3.1.1/lib-MacOS-10.8/CMakeFiles/3.11.1/CompilerIdC
    write-file /Users/andreis4/Desktop/Telenav/Game/glfw-3.1.1/lib-MacOS-10.8/CMakeFiles/3.11.1/CompilerIdC/CompilerIdC.build/Debug/CompilerIdC.build/CompilerIdC-all-non-framework-target-headers.hmap

WriteAuxiliaryFile /Users/andreis4/Desktop/Telenav/Game/glfw-3.1.1/lib-MacOS-10.8/CMakeFiles/3.11.1/CompilerIdC/CompilerIdC.build/Debug/CompilerIdC.build/Objects-normal/x86_64/CompilerIdC.LinkFileList (in target: CompilerIdC)
    cd /Users/andreis4/Desktop/Telenav/Game/glfw-3.1.1/lib-MacOS-10.8/CMakeFiles/3.11.1/CompilerIdC
    write-file /Users/andreis4/Desktop/Telenav/Game/glfw-3.1.1/lib-MacOS-10.8/CMakeFiles/3.11.1/CompilerIdC/CompilerIdC.build/Debug/CompilerIdC.build/Objects-normal/x86_64/CompilerIdC.LinkFileList

CompileC /Users/andreis4/Desktop/Telenav/Game/glfw-3.1.1/lib-MacOS-10.8/CMakeFiles/3.11.1/CompilerIdC/CompilerIdC.build/Debug/CompilerIdC.build/Objects-normal/x86_64/CMakeCCompilerId.o /Users/andreis4/Desktop/Telenav/Game/glfw-3.1.1/lib-MacOS-10.8/CMakeFiles/3.11.1/CompilerIdC/CMakeCCompilerId.c normal x86_64 c com.apple.compilers.llvm.clang.1_0.compiler (in target: CompilerIdC)
    cd /Users/andreis4/Desktop/Telenav/Game/glfw-3.1.1/lib-MacOS-10.8/CMakeFiles/3.11.1/CompilerIdC
    export LANG=en_US.US-ASCII
    /Applications/Xcode.app/Contents/Developer/Toolchains/XcodeDefault.xctoolchain/usr/bin/clang -x c -arch x86_64 -fmessage-length=0 -fdiagnostics-show-note-include-stack -fmacro-backtrace-limit=0 -Wno-trigraphs -fpascal-strings -Os -Wno-missing-field-initializers -Wno-missing-prototypes -Wno-return-type -Wno-missing-braces -Wparentheses -Wswitch -Wno-unused-function -Wno-unused-label -Wno-unused-parameter -Wno-unused-variable -Wunused-value -Wno-empty-body -Wno-uninitialized -Wno-unknown-pragmas -Wno-shadow -Wno-four-char-constants -Wno-conversion -Wno-constant-conversion -Wno-int-conversion -Wno-bool-conversion -Wno-enum-conversion -Wno-float-conversion -Wno-non-literal-null-conversion -Wno-objc-literal-conversion -Wno-shorten-64-to-32 -Wpointer-sign -Wno-newline-eof -isysroot /Applications/Xcode.app/Contents/Developer/Platforms/MacOSX.platform/Developer/SDKs/MacOSX10.14.sdk -fasm-blocks -fstrict-aliasing -Wdeprecated-declarations -mmacosx-version-min=10.13 -g -fvisibility=hidden -Wno-sign-conversion -Wno-infinite-recursion -Wno-comma -Wno-block-capture-autoreleasing -Wno-strict-prototypes -Wno-semicolon-before-method-body -iquote /Users/andreis4/Desktop/Telenav/Game/glfw-3.1.1/lib-MacOS-10.8/CMakeFiles/3.11.1/CompilerIdC/CompilerIdC.build/Debug/CompilerIdC.build/CompilerIdC-generated-files.hmap -I/Users/andreis4/Desktop/Telenav/Game/glfw-3.1.1/lib-MacOS-10.8/CMakeFiles/3.11.1/CompilerIdC/CompilerIdC.build/Debug/CompilerIdC.build/CompilerIdC-own-target-headers.hmap -I/Users/andreis4/Desktop/Telenav/Game/glfw-3.1.1/lib-MacOS-10.8/CMakeFiles/3.11.1/CompilerIdC/CompilerIdC.build/Debug/CompilerIdC.build/CompilerIdC-all-target-headers.hmap -iquote /Users/andreis4/Desktop/Telenav/Game/glfw-3.1.1/lib-MacOS-10.8/CMakeFiles/3.11.1/CompilerIdC/CompilerIdC.build/Debug/CompilerIdC.build/CompilerIdC-project-headers.hmap -I/Users/andreis4/Desktop/Telenav/Game/glfw-3.1.1/lib-MacOS-10.8/CMakeFiles/3.11.1/CompilerIdC/include -I/Users/andreis4/Desktop/Telenav/Game/glfw-3.1.1/lib-MacOS-10.8/CMakeFiles/3.11.1/CompilerIdC/CompilerIdC.build/Debug/CompilerIdC.build/DerivedSources/x86_64 -I/Users/andreis4/Desktop/Telenav/Game/glfw-3.1.1/lib-MacOS-10.8/CMakeFiles/3.11.1/CompilerIdC/CompilerIdC.build/Debug/CompilerIdC.build/DerivedSources -F/Users/andreis4/Desktop/Telenav/Game/glfw-3.1.1/lib-MacOS-10.8/CMakeFiles/3.11.1/CompilerIdC -MMD -MT dependencies -MF /Users/andreis4/Desktop/Telenav/Game/glfw-3.1.1/lib-MacOS-10.8/CMakeFiles/3.11.1/CompilerIdC/CompilerIdC.build/Debug/CompilerIdC.build/Objects-normal/x86_64/CMakeCCompilerId.d --serialize-diagnostics /Users/andreis4/Desktop/Telenav/Game/glfw-3.1.1/lib-MacOS-10.8/CMakeFiles/3.11.1/CompilerIdC/CompilerIdC.build/Debug/CompilerIdC.build/Objects-normal/x86_64/CMakeCCompilerId.dia -c /Users/andreis4/Desktop/Telenav/Game/glfw-3.1.1/lib-MacOS-10.8/CMakeFiles/3.11.1/CompilerIdC/CMakeCCompilerId.c -o /Users/andreis4/Desktop/Telenav/Game/glfw-3.1.1/lib-MacOS-10.8/CMakeFiles/3.11.1/CompilerIdC/CompilerIdC.build/Debug/CompilerIdC.build/Objects-normal/x86_64/CMakeCCompilerId.o

Ld /Users/andreis4/Desktop/Telenav/Game/glfw-3.1.1/lib-MacOS-10.8/CMakeFiles/3.11.1/CompilerIdC/CompilerIdC normal x86_64 (in target: CompilerIdC)
    cd /Users/andreis4/Desktop/Telenav/Game/glfw-3.1.1/lib-MacOS-10.8/CMakeFiles/3.11.1/CompilerIdC
    export MACOSX_DEPLOYMENT_TARGET=10.13
    /Applications/Xcode.app/Contents/Developer/Toolchains/XcodeDefault.xctoolchain/usr/bin/clang -arch x86_64 -isysroot /Applications/Xcode.app/Contents/Developer/Platforms/MacOSX.platform/Developer/SDKs/MacOSX10.14.sdk -L/Users/andreis4/Desktop/Telenav/Game/glfw-3.1.1/lib-MacOS-10.8/CMakeFiles/3.11.1/CompilerIdC -F/Users/andreis4/Desktop/Telenav/Game/glfw-3.1.1/lib-MacOS-10.8/CMakeFiles/3.11.1/CompilerIdC -filelist /Users/andreis4/Desktop/Telenav/Game/glfw-3.1.1/lib-MacOS-10.8/CMakeFiles/3.11.1/CompilerIdC/CompilerIdC.build/Debug/CompilerIdC.build/Objects-normal/x86_64/CompilerIdC.LinkFileList -mmacosx-version-min=10.13 -Xlinker -object_path_lto -Xlinker /Users/andreis4/Desktop/Telenav/Game/glfw-3.1.1/lib-MacOS-10.8/CMakeFiles/3.11.1/CompilerIdC/CompilerIdC.build/Debug/CompilerIdC.build/Objects-normal/x86_64/CompilerIdC_lto.o -Xlinker -dependency_info -Xlinker /Users/andreis4/Desktop/Telenav/Game/glfw-3.1.1/lib-MacOS-10.8/CMakeFiles/3.11.1/CompilerIdC/CompilerIdC.build/Debug/CompilerIdC.build/Objects-normal/x86_64/CompilerIdC_dependency_info.dat -o /Users/andreis4/Desktop/Telenav/Game/glfw-3.1.1/lib-MacOS-10.8/CMakeFiles/3.11.1/CompilerIdC/CompilerIdC

WriteAuxiliaryFile /Users/andreis4/Desktop/Telenav/Game/glfw-3.1.1/lib-MacOS-10.8/CMakeFiles/3.11.1/CompilerIdC/CompilerIdC.build/Debug/CompilerIdC.build/Script-2C8FEB8E15DC1A1A00E56A5D.sh (in target: CompilerIdC)
    cd /Users/andreis4/Desktop/Telenav/Game/glfw-3.1.1/lib-MacOS-10.8/CMakeFiles/3.11.1/CompilerIdC
    write-file /Users/andreis4/Desktop/Telenav/Game/glfw-3.1.1/lib-MacOS-10.8/CMakeFiles/3.11.1/CompilerIdC/CompilerIdC.build/Debug/CompilerIdC.build/Script-2C8FEB8E15DC1A1A00E56A5D.sh

PhaseScriptExecution Run\ Script /Users/andreis4/Desktop/Telenav/Game/glfw-3.1.1/lib-MacOS-10.8/CMakeFiles/3.11.1/CompilerIdC/CompilerIdC.build/Debug/CompilerIdC.build/Script-2C8FEB8E15DC1A1A00E56A5D.sh (in target: CompilerIdC)
    cd /Users/andreis4/Desktop/Telenav/Game/glfw-3.1.1/lib-MacOS-10.8/CMakeFiles/3.11.1/CompilerIdC
    /bin/sh -c /Users/andreis4/Desktop/Telenav/Game/glfw-3.1.1/lib-MacOS-10.8/CMakeFiles/3.11.1/CompilerIdC/CompilerIdC.build/Debug/CompilerIdC.build/Script-2C8FEB8E15DC1A1A00E56A5D.sh
GCC_VERSION=com.apple.compilers.llvm.clang.1_0
CURRENT_ARCH=undefined_arch

** BUILD SUCCEEDED **



Compilation of the C compiler identification source "CMakeCCompilerId.c" produced "CompilerIdC"

The C compiler identification is AppleClang, found in "/Users/andreis4/Desktop/Telenav/Game/glfw-3.1.1/lib-MacOS-10.8/CMakeFiles/3.11.1/CompilerIdC/CompilerIdC"

Determining if the C compiler works passed with the following output:
Change Dir: /Users/andreis4/Desktop/Telenav/Game/glfw-3.1.1/lib-MacOS-10.8/CMakeFiles/CMakeTmp

Run Build Command:"/usr/bin/xcodebuild" "-project" "CMAKE_TRY_COMPILE.xcodeproj" "build" "-target" "cmTC_35af7" "-configuration" "Debug"
note: Using new build system
note: Planning build
note: Constructing build description
CreateBuildDirectory /Users/andreis4/Desktop/Telenav/Game/glfw-3.1.1/lib-MacOS-10.8/CMakeFiles/CMakeTmp (in target: cmTC_35af7)
    cd /Users/andreis4/Desktop/Telenav/Game/glfw-3.1.1/lib-MacOS-10.8/CMakeFiles/CMakeTmp
    builtin-create-build-directory /Users/andreis4/Desktop/Telenav/Game/glfw-3.1.1/lib-MacOS-10.8/CMakeFiles/CMakeTmp

CompileC /Users/andreis4/Desktop/Telenav/Game/glfw-3.1.1/lib-MacOS-10.8/CMakeFiles/CMakeTmp/CMAKE_TRY_COMPILE.build/Debug/cmTC_35af7.build/Objects-normal/x86_64/testCCompiler.o /Users/andreis4/Desktop/Telenav/Game/glfw-3.1.1/lib-MacOS-10.8/CMakeFiles/CMakeTmp/testCCompiler.c normal x86_64 c com.apple.compilers.llvm.clang.1_0.compiler (in target: cmTC_35af7)
    cd /Users/andreis4/Desktop/Telenav/Game/glfw-3.1.1/lib-MacOS-10.8/CMakeFiles/CMakeTmp
    export LANG=en_US.US-ASCII
    /Applications/Xcode.app/Contents/Developer/Toolchains/XcodeDefault.xctoolchain/usr/bin/clang -x c -arch x86_64 -fmessage-length=0 -fdiagnostics-show-note-include-stack -fmacro-backtrace-limit=0 -Wno-trigraphs -fpascal-strings -O0 -Wno-missing-field-initializers -Wno-missing-prototypes -Wno-return-type -Wno-missing-braces -Wparentheses -Wswitch -Wno-unused-function -Wno-unused-label -Wno-unused-parameter -Wno-unused-variable -Wunused-value -Wno-empty-body -Wno-uninitialized -Wno-unknown-pragmas -Wno-shadow -Wno-four-char-constants -Wno-conversion -Wno-constant-conversion -Wno-int-conversion -Wno-bool-conversion -Wno-enum-conversion -Wno-float-conversion -Wno-non-literal-null-conversion -Wno-objc-literal-conversion -Wno-shorten-64-to-32 -Wpointer-sign -Wno-newline-eof -DCMAKE_INTDIR=\"Debug\" -isysroot /Applications/Xcode.app/Contents/Developer/Platforms/MacOSX.platform/Developer/SDKs/MacOSX10.14.sdk -fasm-blocks -fstrict-aliasing -Wdeprecated-declarations -mmacosx-version-min=10.13 -g -Wno-sign-conversion -Wno-infinite-recursion -Wno-comma -Wno-block-capture-autoreleasing -Wno-strict-prototypes -Wno-semicolon-before-method-body -I/Users/andreis4/Desktop/Telenav/Game/glfw-3.1.1/lib-MacOS-10.8/CMakeFiles/CMakeTmp/Debug/include -I/Users/andreis4/Desktop/Telenav/Game/glfw-3.1.1/lib-MacOS-10.8/CMakeFiles/CMakeTmp/CMAKE_TRY_COMPILE.build/Debug/cmTC_35af7.build/DerivedSources/x86_64 -I/Users/andreis4/Desktop/Telenav/Game/glfw-3.1.1/lib-MacOS-10.8/CMakeFiles/CMakeTmp/CMAKE_TRY_COMPILE.build/Debug/cmTC_35af7.build/DerivedSources -Wmost -Wno-four-char-constants -Wno-unknown-pragmas -F/Users/andreis4/Desktop/Telenav/Game/glfw-3.1.1/lib-MacOS-10.8/CMakeFiles/CMakeTmp/Debug -MMD -MT dependencies -MF /Users/andreis4/Desktop/Telenav/Game/glfw-3.1.1/lib-MacOS-10.8/CMakeFiles/CMakeTmp/CMAKE_TRY_COMPILE.build/Debug/cmTC_35af7.build/Objects-normal/x86_64/testCCompiler.d --serialize-diagnostics /Users/andreis4/Desktop/Telenav/Game/glfw-3.1.1/lib-MacOS-10.8/CMakeFiles/CMakeTmp/CMAKE_TRY_COMPILE.build/Debug/cmTC_35af7.build/Objects-normal/x86_64/testCCompiler.dia -c /Users/andreis4/Desktop/Telenav/Game/glfw-3.1.1/lib-MacOS-10.8/CMakeFiles/CMakeTmp/testCCompiler.c -o /Users/andreis4/Desktop/Telenav/Game/glfw-3.1.1/lib-MacOS-10.8/CMakeFiles/CMakeTmp/CMAKE_TRY_COMPILE.build/Debug/cmTC_35af7.build/Objects-normal/x86_64/testCCompiler.o

WriteAuxiliaryFile /Users/andreis4/Desktop/Telenav/Game/glfw-3.1.1/lib-MacOS-10.8/CMakeFiles/CMakeTmp/CMAKE_TRY_COMPILE.build/Debug/cmTC_35af7.build/Objects-normal/x86_64/cmTC_35af7.LinkFileList (in target: cmTC_35af7)
    cd /Users/andreis4/Desktop/Telenav/Game/glfw-3.1.1/lib-MacOS-10.8/CMakeFiles/CMakeTmp
    write-file /Users/andreis4/Desktop/Telenav/Game/glfw-3.1.1/lib-MacOS-10.8/CMakeFiles/CMakeTmp/CMAKE_TRY_COMPILE.build/Debug/cmTC_35af7.build/Objects-normal/x86_64/cmTC_35af7.LinkFileList

Ld /Users/andreis4/Desktop/Telenav/Game/glfw-3.1.1/lib-MacOS-10.8/CMakeFiles/CMakeTmp/Debug/cmTC_35af7 normal x86_64 (in target: cmTC_35af7)
    cd /Users/andreis4/Desktop/Telenav/Game/glfw-3.1.1/lib-MacOS-10.8/CMakeFiles/CMakeTmp
    export MACOSX_DEPLOYMENT_TARGET=10.13
    /Applications/Xcode.app/Contents/Developer/Toolchains/XcodeDefault.xctoolchain/usr/bin/clang -arch x86_64 -isysroot /Applications/Xcode.app/Contents/Developer/Platforms/MacOSX.platform/Developer/SDKs/MacOSX10.14.sdk -L/Users/andreis4/Desktop/Telenav/Game/glfw-3.1.1/lib-MacOS-10.8/CMakeFiles/CMakeTmp/Debug -F/Users/andreis4/Desktop/Telenav/Game/glfw-3.1.1/lib-MacOS-10.8/CMakeFiles/CMakeTmp/Debug -filelist /Users/andreis4/Desktop/Telenav/Game/glfw-3.1.1/lib-MacOS-10.8/CMakeFiles/CMakeTmp/CMAKE_TRY_COMPILE.build/Debug/cmTC_35af7.build/Objects-normal/x86_64/cmTC_35af7.LinkFileList -mmacosx-version-min=10.13 -Xlinker -object_path_lto -Xlinker /Users/andreis4/Desktop/Telenav/Game/glfw-3.1.1/lib-MacOS-10.8/CMakeFiles/CMakeTmp/CMAKE_TRY_COMPILE.build/Debug/cmTC_35af7.build/Objects-normal/x86_64/cmTC_35af7_lto.o -Xlinker -no_deduplicate -Wl,-search_paths_first -Wl,-headerpad_max_install_names -Xlinker -dependency_info -Xlinker /Users/andreis4/Desktop/Telenav/Game/glfw-3.1.1/lib-MacOS-10.8/CMakeFiles/CMakeTmp/CMAKE_TRY_COMPILE.build/Debug/cmTC_35af7.build/Objects-normal/x86_64/cmTC_35af7_dependency_info.dat -o /Users/andreis4/Desktop/Telenav/Game/glfw-3.1.1/lib-MacOS-10.8/CMakeFiles/CMakeTmp/Debug/cmTC_35af7

** BUILD SUCCEEDED **



Detecting C compiler ABI info compiled with the following output:
Change Dir: /Users/andreis4/Desktop/Telenav/Game/glfw-3.1.1/lib-MacOS-10.8/CMakeFiles/CMakeTmp

Run Build Command:"/usr/bin/xcodebuild" "-project" "CMAKE_TRY_COMPILE.xcodeproj" "build" "-target" "cmTC_9ee2a" "-configuration" "Debug"
note: Using new build system
note: Planning build
note: Constructing build description
CreateBuildDirectory /Users/andreis4/Desktop/Telenav/Game/glfw-3.1.1/lib-MacOS-10.8/CMakeFiles/CMakeTmp (in target: cmTC_9ee2a)
    cd /Users/andreis4/Desktop/Telenav/Game/glfw-3.1.1/lib-MacOS-10.8/CMakeFiles/CMakeTmp
    builtin-create-build-directory /Users/andreis4/Desktop/Telenav/Game/glfw-3.1.1/lib-MacOS-10.8/CMakeFiles/CMakeTmp

CompileC /Users/andreis4/Desktop/Telenav/Game/glfw-3.1.1/lib-MacOS-10.8/CMakeFiles/CMakeTmp/CMAKE_TRY_COMPILE.build/Debug/cmTC_9ee2a.build/Objects-normal/x86_64/CMakeCCompilerABI.o /usr/local/Cellar/cmake/3.11.1/share/cmake/Modules/CMakeCCompilerABI.c normal x86_64 c com.apple.compilers.llvm.clang.1_0.compiler (in target: cmTC_9ee2a)
    cd /Users/andreis4/Desktop/Telenav/Game/glfw-3.1.1/lib-MacOS-10.8/CMakeFiles/CMakeTmp
    export LANG=en_US.US-ASCII
    /Applications/Xcode.app/Contents/Developer/Toolchains/XcodeDefault.xctoolchain/usr/bin/clang -x c -arch x86_64 -fmessage-length=0 -fdiagnostics-show-note-include-stack -fmacro-backtrace-limit=0 -Wno-trigraphs -fpascal-strings -O0 -Wno-missing-field-initializers -Wno-missing-prototypes -Wno-return-type -Wno-missing-braces -Wparentheses -Wswitch -Wno-unused-function -Wno-unused-label -Wno-unused-parameter -Wno-unused-variable -Wunused-value -Wno-empty-body -Wno-uninitialized -Wno-unknown-pragmas -Wno-shadow -Wno-four-char-constants -Wno-conversion -Wno-constant-conversion -Wno-int-conversion -Wno-bool-conversion -Wno-enum-conversion -Wno-float-conversion -Wno-non-literal-null-conversion -Wno-objc-literal-conversion -Wno-shorten-64-to-32 -Wpointer-sign -Wno-newline-eof -DCMAKE_INTDIR=\"Debug\" -isysroot /Applications/Xcode.app/Contents/Developer/Platforms/MacOSX.platform/Developer/SDKs/MacOSX10.14.sdk -fasm-blocks -fstrict-aliasing -Wdeprecated-declarations -mmacosx-version-min=10.13 -g -Wno-sign-conversion -Wno-infinite-recursion -Wno-comma -Wno-block-capture-autoreleasing -Wno-strict-prototypes -Wno-semicolon-before-method-body -I/Users/andreis4/Desktop/Telenav/Game/glfw-3.1.1/lib-MacOS-10.8/CMakeFiles/CMakeTmp/Debug/include -I/Users/andreis4/Desktop/Telenav/Game/glfw-3.1.1/lib-MacOS-10.8/CMakeFiles/CMakeTmp/CMAKE_TRY_COMPILE.build/Debug/cmTC_9ee2a.build/DerivedSources/x86_64 -I/Users/andreis4/Desktop/Telenav/Game/glfw-3.1.1/lib-MacOS-10.8/CMakeFiles/CMakeTmp/CMAKE_TRY_COMPILE.build/Debug/cmTC_9ee2a.build/DerivedSources -Wmost -Wno-four-char-constants -Wno-unknown-pragmas -F/Users/andreis4/Desktop/Telenav/Game/glfw-3.1.1/lib-MacOS-10.8/CMakeFiles/CMakeTmp/Debug -MMD -MT dependencies -MF /Users/andreis4/Desktop/Telenav/Game/glfw-3.1.1/lib-MacOS-10.8/CMakeFiles/CMakeTmp/CMAKE_TRY_COMPILE.build/Debug/cmTC_9ee2a.build/Objects-normal/x86_64/CMakeCCompilerABI.d --serialize-diagnostics /Users/andreis4/Desktop/Telenav/Game/glfw-3.1.1/lib-MacOS-10.8/CMakeFiles/CMakeTmp/CMAKE_TRY_COMPILE.build/Debug/cmTC_9ee2a.build/Objects-normal/x86_64/CMakeCCompilerABI.dia -c /usr/local/Cellar/cmake/3.11.1/share/cmake/Modules/CMakeCCompilerABI.c -o /Users/andreis4/Desktop/Telenav/Game/glfw-3.1.1/lib-MacOS-10.8/CMakeFiles/CMakeTmp/CMAKE_TRY_COMPILE.build/Debug/cmTC_9ee2a.build/Objects-normal/x86_64/CMakeCCompilerABI.o

WriteAuxiliaryFile /Users/andreis4/Desktop/Telenav/Game/glfw-3.1.1/lib-MacOS-10.8/CMakeFiles/CMakeTmp/CMAKE_TRY_COMPILE.build/Debug/cmTC_9ee2a.build/Objects-normal/x86_64/cmTC_9ee2a.LinkFileList (in target: cmTC_9ee2a)
    cd /Users/andreis4/Desktop/Telenav/Game/glfw-3.1.1/lib-MacOS-10.8/CMakeFiles/CMakeTmp
    write-file /Users/andreis4/Desktop/Telenav/Game/glfw-3.1.1/lib-MacOS-10.8/CMakeFiles/CMakeTmp/CMAKE_TRY_COMPILE.build/Debug/cmTC_9ee2a.build/Objects-normal/x86_64/cmTC_9ee2a.LinkFileList

Ld /Users/andreis4/Desktop/Telenav/Game/glfw-3.1.1/lib-MacOS-10.8/CMakeFiles/CMakeTmp/Debug/cmTC_9ee2a normal x86_64 (in target: cmTC_9ee2a)
    cd /Users/andreis4/Desktop/Telenav/Game/glfw-3.1.1/lib-MacOS-10.8/CMakeFiles/CMakeTmp
    export MACOSX_DEPLOYMENT_TARGET=10.13
    /Applications/Xcode.app/Contents/Developer/Toolchains/XcodeDefault.xctoolchain/usr/bin/clang -arch x86_64 -isysroot /Applications/Xcode.app/Contents/Developer/Platforms/MacOSX.platform/Developer/SDKs/MacOSX10.14.sdk -L/Users/andreis4/Desktop/Telenav/Game/glfw-3.1.1/lib-MacOS-10.8/CMakeFiles/CMakeTmp/Debug -F/Users/andreis4/Desktop/Telenav/Game/glfw-3.1.1/lib-MacOS-10.8/CMakeFiles/CMakeTmp/Debug -filelist /Users/andreis4/Desktop/Telenav/Game/glfw-3.1.1/lib-MacOS-10.8/CMakeFiles/CMakeTmp/CMAKE_TRY_COMPILE.build/Debug/cmTC_9ee2a.build/Objects-normal/x86_64/cmTC_9ee2a.LinkFileList -mmacosx-version-min=10.13 -Xlinker -object_path_lto -Xlinker /Users/andreis4/Desktop/Telenav/Game/glfw-3.1.1/lib-MacOS-10.8/CMakeFiles/CMakeTmp/CMAKE_TRY_COMPILE.build/Debug/cmTC_9ee2a.build/Objects-normal/x86_64/cmTC_9ee2a_lto.o -Xlinker -no_deduplicate -v -Wl,-v -Wl,-search_paths_first -Wl,-headerpad_max_install_names -Xlinker -dependency_info -Xlinker /Users/andreis4/Desktop/Telenav/Game/glfw-3.1.1/lib-MacOS-10.8/CMakeFiles/CMakeTmp/CMAKE_TRY_COMPILE.build/Debug/cmTC_9ee2a.build/Objects-normal/x86_64/cmTC_9ee2a_dependency_info.dat -o /Users/andreis4/Desktop/Telenav/Game/glfw-3.1.1/lib-MacOS-10.8/CMakeFiles/CMakeTmp/Debug/cmTC_9ee2a
Apple LLVM version 10.0.0 (clang-1000.11.45.5)
Target: x86_64-apple-darwin17.7.0
Thread model: posix
InstalledDir: /Applications/Xcode.app/Contents/Developer/Toolchains/XcodeDefault.xctoolchain/usr/bin
 "/Applica
ti
ons/
Xcode.app
/C
on
te
nt
s/D
ev
e
loper/Toolc
ha
i
n
s/Xcod
eDe
fault.xc
toolch
ain/usr/
bin/l
d"
 
-demangle
 -lto_library /Applications/Xcode.app/Contents/Developer/Toolchains/XcodeDefault.xctoolchain/usr/lib/libLTO.dylib
 -dynamic 
-arch 
x86_64 -macosx_version_min 10.13.0 
-syslibroot 
/Applications/Xcode.app/Contents/Developer/Platforms/MacOSX.platform/Developer/SDKs/MacOSX10.14.sdk 
-o 
/Users/andreis4/Desktop/Telenav/Game/glfw-3.1.1/lib-MacOS-10.8/CMakeFiles/CMakeTmp/Debug/cmTC_9ee2a 
-L/Users/andreis4/Desktop/Telenav/Game/glfw-3.1.1/lib-MacOS-10.8/CMakeFiles/CMakeTmp/Debug 
-filelist 
/Users/andreis4/Desktop/Telenav/Game/glfw-3.1.1/lib-MacOS-10.8/CMakeFiles/CMakeTmp/CMAKE_TRY_COMPILE.build/Debug/cmTC_9ee2a.build/Objects-normal/x86_64/cmTC_9ee2a.LinkFileList 
-object_path_lto /Users/andreis4/Desktop/Telenav/Game/glfw-3.1.1/lib-MacOS-10.8/CMakeFiles/CMakeTmp/CMAKE_TRY_COMPILE.build/Debug/cmTC_9ee2a.build/Objects-normal/x86_64/cmTC_9ee2a_lto.o -no_deduplicate -v 
-search_paths_first -headerpad_max_install_names -dependency_info 
/Users/andreis4/Desktop/Telenav/Game/glfw-3.1.1/lib-MacOS-10.8/CMakeFiles/CMakeTmp/CMAKE_TRY_COMPILE.build/Debug/cmTC_9ee2a.build/Objects-normal/x86_64/cmTC_9ee2a_dependency_info.dat -lSystem
 /Applications/Xcode.app/Contents/Developer/Toolchains/XcodeDefault.xctoolchain/usr/lib/clang/10.0.0/lib/darwin/libclang_rt.osx.a 
-F/Users/andreis4/Desktop/Telenav/Game/glfw-3.1.1/lib-MacOS-10.8/CMakeFiles/CMakeTmp/Debug
@(#)PROGRAM:ld  PROJECT:ld64-409.12
BUILD 17:47:51 Sep 25 2018
configured to support archs: armv6 armv7 armv7s arm64 i386 x86_64 x86_64h armv6m armv7k armv7m armv7em arm64e arm64_32
Library search paths:
	/Users/andreis4/Desktop/Telenav/Game/glfw-3.1.1/lib-MacOS-10.8/CMakeFiles/CMakeTmp/Debug
	/Applications/Xcode.app/Contents/Developer/Platforms/MacOSX.platform/Developer/SDKs/MacOSX10.14.sdk/usr/lib
Framework search paths:
	/Users/andreis4/Desktop/Telenav/Game/glfw-3.1.1/lib-MacOS-10.8/CMakeFiles/CMakeTmp/Debug
	/Applications/Xcode.app/Contents/Developer/Platforms/MacOSX.platform/Developer/SDKs/MacOSX10.14.sdk/System/Library/Frameworks/

** BUILD SUCCEEDED **



Parsed C implicit link information from above output:
  link line regex: [^( *|.*[/\])(ld|CMAKE_LINK_STARTFILE-NOTFOUND|([^/\]+-)?ld|collect2)[^/\]*( |$)]
  ignore line: [Change Dir: /Users/andreis4/Desktop/Telenav/Game/glfw-3.1.1/lib-MacOS-10.8/CMakeFiles/CMakeTmp]
  ignore line: []
  ignore line: [Run Build Command:"/usr/bin/xcodebuild" "-project" "CMAKE_TRY_COMPILE.xcodeproj" "build" "-target" "cmTC_9ee2a" "-configuration" "Debug"]
  ignore line: [note: Using new build system]
  ignore line: [note: Planning build]
  ignore line: [note: Constructing build description]
  ignore line: [CreateBuildDirectory /Users/andreis4/Desktop/Telenav/Game/glfw-3.1.1/lib-MacOS-10.8/CMakeFiles/CMakeTmp (in target: cmTC_9ee2a)]
  ignore line: [    cd /Users/andreis4/Desktop/Telenav/Game/glfw-3.1.1/lib-MacOS-10.8/CMakeFiles/CMakeTmp]
  ignore line: [    builtin-create-build-directory /Users/andreis4/Desktop/Telenav/Game/glfw-3.1.1/lib-MacOS-10.8/CMakeFiles/CMakeTmp]
  ignore line: []
  ignore line: [CompileC /Users/andreis4/Desktop/Telenav/Game/glfw-3.1.1/lib-MacOS-10.8/CMakeFiles/CMakeTmp/CMAKE_TRY_COMPILE.build/Debug/cmTC_9ee2a.build/Objects-normal/x86_64/CMakeCCompilerABI.o /usr/local/Cellar/cmake/3.11.1/share/cmake/Modules/CMakeCCompilerABI.c normal x86_64 c com.apple.compilers.llvm.clang.1_0.compiler (in target: cmTC_9ee2a)]
  ignore line: [    cd /Users/andreis4/Desktop/Telenav/Game/glfw-3.1.1/lib-MacOS-10.8/CMakeFiles/CMakeTmp]
  ignore line: [    export LANG=en_US.US-ASCII]
  ignore line: [    /Applications/Xcode.app/Contents/Developer/Toolchains/XcodeDefault.xctoolchain/usr/bin/clang -x c -arch x86_64 -fmessage-length=0 -fdiagnostics-show-note-include-stack -fmacro-backtrace-limit=0 -Wno-trigraphs -fpascal-strings -O0 -Wno-missing-field-initializers -Wno-missing-prototypes -Wno-return-type -Wno-missing-braces -Wparentheses -Wswitch -Wno-unused-function -Wno-unused-label -Wno-unused-parameter -Wno-unused-variable -Wunused-value -Wno-empty-body -Wno-uninitialized -Wno-unknown-pragmas -Wno-shadow -Wno-four-char-constants -Wno-conversion -Wno-constant-conversion -Wno-int-conversion -Wno-bool-conversion -Wno-enum-conversion -Wno-float-conversion -Wno-non-literal-null-conversion -Wno-objc-literal-conversion -Wno-shorten-64-to-32 -Wpointer-sign -Wno-newline-eof -DCMAKE_INTDIR=\"Debug\" -isysroot /Applications/Xcode.app/Contents/Developer/Platforms/MacOSX.platform/Developer/SDKs/MacOSX10.14.sdk -fasm-blocks -fstrict-aliasing -Wdeprecated-declarations -mmacosx-version-min=10.13 -g -Wno-sign-conversion -Wno-infinite-recursion -Wno-comma -Wno-block-capture-autoreleasing -Wno-strict-prototypes -Wno-semicolon-before-method-body -I/Users/andreis4/Desktop/Telenav/Game/glfw-3.1.1/lib-MacOS-10.8/CMakeFiles/CMakeTmp/Debug/include -I/Users/andreis4/Desktop/Telenav/Game/glfw-3.1.1/lib-MacOS-10.8/CMakeFiles/CMakeTmp/CMAKE_TRY_COMPILE.build/Debug/cmTC_9ee2a.build/DerivedSources/x86_64 -I/Users/andreis4/Desktop/Telenav/Game/glfw-3.1.1/lib-MacOS-10.8/CMakeFiles/CMakeTmp/CMAKE_TRY_COMPILE.build/Debug/cmTC_9ee2a.build/DerivedSources -Wmost -Wno-four-char-constants -Wno-unknown-pragmas -F/Users/andreis4/Desktop/Telenav/Game/glfw-3.1.1/lib-MacOS-10.8/CMakeFiles/CMakeTmp/Debug -MMD -MT dependencies -MF /Users/andreis4/Desktop/Telenav/Game/glfw-3.1.1/lib-MacOS-10.8/CMakeFiles/CMakeTmp/CMAKE_TRY_COMPILE.build/Debug/cmTC_9ee2a.build/Objects-normal/x86_64/CMakeCCompilerABI.d --serialize-diagnostics /Users/andreis4/Desktop/Telenav/Game/glfw-3.1.1/lib-MacOS-10.8/CMakeFiles/CMakeTmp/CMAKE_TRY_COMPILE.build/Debug/cmTC_9ee2a.build/Objects-normal/x86_64/CMakeCCompilerABI.dia -c /usr/local/Cellar/cmake/3.11.1/share/cmake/Modules/CMakeCCompilerABI.c -o /Users/andreis4/Desktop/Telenav/Game/glfw-3.1.1/lib-MacOS-10.8/CMakeFiles/CMakeTmp/CMAKE_TRY_COMPILE.build/Debug/cmTC_9ee2a.build/Objects-normal/x86_64/CMakeCCompilerABI.o]
  ignore line: []
  ignore line: [WriteAuxiliaryFile /Users/andreis4/Desktop/Telenav/Game/glfw-3.1.1/lib-MacOS-10.8/CMakeFiles/CMakeTmp/CMAKE_TRY_COMPILE.build/Debug/cmTC_9ee2a.build/Objects-normal/x86_64/cmTC_9ee2a.LinkFileList (in target: cmTC_9ee2a)]
  ignore line: [    cd /Users/andreis4/Desktop/Telenav/Game/glfw-3.1.1/lib-MacOS-10.8/CMakeFiles/CMakeTmp]
  ignore line: [    write-file /Users/andreis4/Desktop/Telenav/Game/glfw-3.1.1/lib-MacOS-10.8/CMakeFiles/CMakeTmp/CMAKE_TRY_COMPILE.build/Debug/cmTC_9ee2a.build/Objects-normal/x86_64/cmTC_9ee2a.LinkFileList]
  ignore line: []
  ignore line: [Ld /Users/andreis4/Desktop/Telenav/Game/glfw-3.1.1/lib-MacOS-10.8/CMakeFiles/CMakeTmp/Debug/cmTC_9ee2a normal x86_64 (in target: cmTC_9ee2a)]
  ignore line: [    cd /Users/andreis4/Desktop/Telenav/Game/glfw-3.1.1/lib-MacOS-10.8/CMakeFiles/CMakeTmp]
  ignore line: [    export MACOSX_DEPLOYMENT_TARGET=10.13]
  ignore line: [    /Applications/Xcode.app/Contents/Developer/Toolchains/XcodeDefault.xctoolchain/usr/bin/clang -arch x86_64 -isysroot /Applications/Xcode.app/Contents/Developer/Platforms/MacOSX.platform/Developer/SDKs/MacOSX10.14.sdk -L/Users/andreis4/Desktop/Telenav/Game/glfw-3.1.1/lib-MacOS-10.8/CMakeFiles/CMakeTmp/Debug -F/Users/andreis4/Desktop/Telenav/Game/glfw-3.1.1/lib-MacOS-10.8/CMakeFiles/CMakeTmp/Debug -filelist /Users/andreis4/Desktop/Telenav/Game/glfw-3.1.1/lib-MacOS-10.8/CMakeFiles/CMakeTmp/CMAKE_TRY_COMPILE.build/Debug/cmTC_9ee2a.build/Objects-normal/x86_64/cmTC_9ee2a.LinkFileList -mmacosx-version-min=10.13 -Xlinker -object_path_lto -Xlinker /Users/andreis4/Desktop/Telenav/Game/glfw-3.1.1/lib-MacOS-10.8/CMakeFiles/CMakeTmp/CMAKE_TRY_COMPILE.build/Debug/cmTC_9ee2a.build/Objects-normal/x86_64/cmTC_9ee2a_lto.o -Xlinker -no_deduplicate -v -Wl,-v -Wl,-search_paths_first -Wl,-headerpad_max_install_names -Xlinker -dependency_info -Xlinker /Users/andreis4/Desktop/Telenav/Game/glfw-3.1.1/lib-MacOS-10.8/CMakeFiles/CMakeTmp/CMAKE_TRY_COMPILE.build/Debug/cmTC_9ee2a.build/Objects-normal/x86_64/cmTC_9ee2a_dependency_info.dat -o /Users/andreis4/Desktop/Telenav/Game/glfw-3.1.1/lib-MacOS-10.8/CMakeFiles/CMakeTmp/Debug/cmTC_9ee2a]
  ignore line: [Apple LLVM version 10.0.0 (clang-1000.11.45.5)]
  ignore line: [Target: x86_64-apple-darwin17.7.0]
  ignore line: [Thread model: posix]
  ignore line: [InstalledDir: /Applications/Xcode.app/Contents/Developer/Toolchains/XcodeDefault.xctoolchain/usr/bin]
  ignore line: [ "/Applica]
  ignore line: [ti]
  ignore line: [ons/]
  ignore line: [Xcode.app]
  ignore line: [/C]
  ignore line: [on]
  ignore line: [te]
  ignore line: [nt]
  ignore line: [s/D]
  ignore line: [ev]
  ignore line: [e]
  ignore line: [loper/Toolc]
  ignore line: [ha]
  ignore line: [i]
  ignore line: [n]
  ignore line: [s/Xcod]
  ignore line: [eDe]
  ignore line: [fault.xc]
  ignore line: [toolch]
  ignore line: [ain/usr/]
  ignore line: [bin/l]
  ignore line: [d"]
  ignore line: [ ]
  ignore line: [-demangle]
  ignore line: [ -lto_library /Applications/Xcode.app/Contents/Developer/Toolchains/XcodeDefault.xctoolchain/usr/lib/libLTO.dylib]
  ignore line: [ -dynamic ]
  ignore line: [-arch ]
  ignore line: [x86_64 -macosx_version_min 10.13.0 ]
  ignore line: [-syslibroot ]
  ignore line: [/Applications/Xcode.app/Contents/Developer/Platforms/MacOSX.platform/Developer/SDKs/MacOSX10.14.sdk ]
  ignore line: [-o ]
  ignore line: [/Users/andreis4/Desktop/Telenav/Game/glfw-3.1.1/lib-MacOS-10.8/CMakeFiles/CMakeTmp/Debug/cmTC_9ee2a ]
  ignore line: [-L/Users/andreis4/Desktop/Telenav/Game/glfw-3.1.1/lib-MacOS-10.8/CMakeFiles/CMakeTmp/Debug ]
  ignore line: [-filelist ]
  ignore line: [/Users/andreis4/Desktop/Telenav/Game/glfw-3.1.1/lib-MacOS-10.8/CMakeFiles/CMakeTmp/CMAKE_TRY_COMPILE.build/Debug/cmTC_9ee2a.build/Objects-normal/x86_64/cmTC_9ee2a.LinkFileList ]
  ignore line: [-object_path_lto /Users/andreis4/Desktop/Telenav/Game/glfw-3.1.1/lib-MacOS-10.8/CMakeFiles/CMakeTmp/CMAKE_TRY_COMPILE.build/Debug/cmTC_9ee2a.build/Objects-normal/x86_64/cmTC_9ee2a_lto.o -no_deduplicate -v ]
  ignore line: [-search_paths_first -headerpad_max_install_names -dependency_info ]
  ignore line: [/Users/andreis4/Desktop/Telenav/Game/glfw-3.1.1/lib-MacOS-10.8/CMakeFiles/CMakeTmp/CMAKE_TRY_COMPILE.build/Debug/cmTC_9ee2a.build/Objects-normal/x86_64/cmTC_9ee2a_dependency_info.dat -lSystem]
  ignore line: [ /Applications/Xcode.app/Contents/Developer/Toolchains/XcodeDefault.xctoolchain/usr/lib/clang/10.0.0/lib/darwin/libclang_rt.osx.a ]
  ignore line: [-F/Users/andreis4/Desktop/Telenav/Game/glfw-3.1.1/lib-MacOS-10.8/CMakeFiles/CMakeTmp/Debug]
  ignore line: [@(#)PROGRAM:ld  PROJECT:ld64-409.12]
  ignore line: [BUILD 17:47:51 Sep 25 2018]
  ignore line: [configured to support archs: armv6 armv7 armv7s arm64 i386 x86_64 x86_64h armv6m armv7k armv7m armv7em arm64e arm64_32]
  ignore line: [Library search paths:]
  ignore line: [	/Users/andreis4/Desktop/Telenav/Game/glfw-3.1.1/lib-MacOS-10.8/CMakeFiles/CMakeTmp/Debug]
  ignore line: [	/Applications/Xcode.app/Contents/Developer/Platforms/MacOSX.platform/Developer/SDKs/MacOSX10.14.sdk/usr/lib]
  ignore line: [Framework search paths:]
  ignore line: [	/Users/andreis4/Desktop/Telenav/Game/glfw-3.1.1/lib-MacOS-10.8/CMakeFiles/CMakeTmp/Debug]
  ignore line: [	/Applications/Xcode.app/Contents/Developer/Platforms/MacOSX.platform/Developer/SDKs/MacOSX10.14.sdk/System/Library/Frameworks/]
  ignore line: []
  ignore line: [** BUILD SUCCEEDED **]
  ignore line: []
  ignore line: []
  Library search paths: [;/Users/andreis4/Desktop/Telenav/Game/glfw-3.1.1/lib-MacOS-10.8/CMakeFiles/CMakeTmp/Debug;/Applications/Xcode.app/Contents/Developer/Platforms/MacOSX.platform/Developer/SDKs/MacOSX10.14.sdk/usr/lib]
  Framework search paths: [;/Users/andreis4/Desktop/Telenav/Game/glfw-3.1.1/lib-MacOS-10.8/CMakeFiles/CMakeTmp/Debug;/Applications/Xcode.app/Contents/Developer/Platforms/MacOSX.platform/Developer/SDKs/MacOSX10.14.sdk/System/Library/Frameworks/]
  collapse library dir [/Users/andreis4/Desktop/Telenav/Game/glfw-3.1.1/lib-MacOS-10.8/CMakeFiles/CMakeTmp/Debug] ==> [/Users/andreis4/Desktop/Telenav/Game/glfw-3.1.1/lib-MacOS-10.8/CMakeFiles/CMakeTmp/Debug], skipping non-system directory
  collapse library dir [/Applications/Xcode.app/Contents/Developer/Platforms/MacOSX.platform/Developer/SDKs/MacOSX10.14.sdk/usr/lib] ==> [/Applications/Xcode.app/Contents/Developer/Platforms/MacOSX.platform/Developer/SDKs/MacOSX10.14.sdk/usr/lib]
  collapse framework dir [/Users/andreis4/Desktop/Telenav/Game/glfw-3.1.1/lib-MacOS-10.8/CMakeFiles/CMakeTmp/Debug] ==> [/Users/andreis4/Desktop/Telenav/Game/glfw-3.1.1/lib-MacOS-10.8/CMakeFiles/CMakeTmp/Debug], skipping non-system directory
  collapse framework dir [/Applications/Xcode.app/Contents/Developer/Platforms/MacOSX.platform/Developer/SDKs/MacOSX10.14.sdk/System/Library/Frameworks/] ==> [/Applications/Xcode.app/Contents/Developer/Platforms/MacOSX.platform/Developer/SDKs/MacOSX10.14.sdk/System/Library/Frameworks]
  implicit libs: []
  implicit dirs: [/Applications/Xcode.app/Contents/Developer/Platforms/MacOSX.platform/Developer/SDKs/MacOSX10.14.sdk/usr/lib]
  implicit fwks: [/Applications/Xcode.app/Contents/Developer/Platforms/MacOSX.platform/Developer/SDKs/MacOSX10.14.sdk/System/Library/Frameworks]




Detecting C [-std=c11] compiler features compiled with the following output:
Change Dir: /Users/andreis4/Desktop/Telenav/Game/glfw-3.1.1/lib-MacOS-10.8/CMakeFiles/CMakeTmp

Run Build Command:"/usr/bin/xcodebuild" "-project" "CMAKE_TRY_COMPILE.xcodeproj" "build" "-target" "cmTC_3c4ce" "-configuration" "Debug"
note: Using new build system
note: Planning build
note: Constructing build description
CreateBuildDirectory /Users/andreis4/Desktop/Telenav/Game/glfw-3.1.1/lib-MacOS-10.8/CMakeFiles/CMakeTmp (in target: cmTC_3c4ce)
    cd /Users/andreis4/Desktop/Telenav/Game/glfw-3.1.1/lib-MacOS-10.8/CMakeFiles/CMakeTmp
    builtin-create-build-directory /Users/andreis4/Desktop/Telenav/Game/glfw-3.1.1/lib-MacOS-10.8/CMakeFiles/CMakeTmp

CompileC /Users/andreis4/Desktop/Telenav/Game/glfw-3.1.1/lib-MacOS-10.8/CMakeFiles/CMakeTmp/CMAKE_TRY_COMPILE.build/Debug/cmTC_3c4ce.build/Objects-normal/x86_64/feature_tests.o /Users/andreis4/Desktop/Telenav/Game/glfw-3.1.1/lib-MacOS-10.8/CMakeFiles/feature_tests.c normal x86_64 c com.apple.compilers.llvm.clang.1_0.compiler (in target: cmTC_3c4ce)
    cd /Users/andreis4/Desktop/Telenav/Game/glfw-3.1.1/lib-MacOS-10.8/CMakeFiles/CMakeTmp
    export LANG=en_US.US-ASCII
    /Applications/Xcode.app/Contents/Developer/Toolchains/XcodeDefault.xctoolchain/usr/bin/clang -x c -arch x86_64 -fmessage-length=0 -fdiagnostics-show-note-include-stack -fmacro-backtrace-limit=0 -Wno-trigraphs -fpascal-strings -O0 -Wno-missing-field-initializers -Wno-missing-prototypes -Wno-return-type -Wno-missing-braces -Wparentheses -Wswitch -Wno-unused-function -Wno-unused-label -Wno-unused-parameter -Wno-unused-variable -Wunused-value -Wno-empty-body -Wno-uninitialized -Wno-unknown-pragmas -Wno-shadow -Wno-four-char-constants -Wno-conversion -Wno-constant-conversion -Wno-int-conversion -Wno-bool-conversion -Wno-enum-conversion -Wno-float-conversion -Wno-non-literal-null-conversion -Wno-objc-literal-conversion -Wno-shorten-64-to-32 -Wpointer-sign -Wno-newline-eof -DCMAKE_INTDIR=\"Debug\" -isysroot /Applications/Xcode.app/Contents/Developer/Platforms/MacOSX.platform/Developer/SDKs/MacOSX10.14.sdk -fasm-blocks -fstrict-aliasing -Wdeprecated-declarations -mmacosx-version-min=10.13 -g -Wno-sign-conversion -Wno-infinite-recursion -Wno-comma -Wno-block-capture-autoreleasing -Wno-strict-prototypes -Wno-semicolon-before-method-body -I/Users/andreis4/Desktop/Telenav/Game/glfw-3.1.1/lib-MacOS-10.8/CMakeFiles/CMakeTmp/Debug/include -I/Users/andreis4/Desktop/Telenav/Game/glfw-3.1.1/lib-MacOS-10.8/CMakeFiles/CMakeTmp/CMAKE_TRY_COMPILE.build/Debug/cmTC_3c4ce.build/DerivedSources/x86_64 -I/Users/andreis4/Desktop/Telenav/Game/glfw-3.1.1/lib-MacOS-10.8/CMakeFiles/CMakeTmp/CMAKE_TRY_COMPILE.build/Debug/cmTC_3c4ce.build/DerivedSources -Wmost -Wno-four-char-constants -Wno-unknown-pragmas -F/Users/andreis4/Desktop/Telenav/Game/glfw-3.1.1/lib-MacOS-10.8/CMakeFiles/CMakeTmp/Debug -std=c11 -MMD -MT dependencies -MF /Users/andreis4/Desktop/Telenav/Game/glfw-3.1.1/lib-MacOS-10.8/CMakeFiles/CMakeTmp/CMAKE_TRY_COMPILE.build/Debug/cmTC_3c4ce.build/Objects-normal/x86_64/feature_tests.d --serialize-diagnostics /Users/andreis4/Desktop/Telenav/Game/glfw-3.1.1/lib-MacOS-10.8/CMakeFiles/CMakeTmp/CMAKE_TRY_COMPILE.build/Debug/cmTC_3c4ce.build/Objects-normal/x86_64/feature_tests.dia -c /Users/andreis4/Desktop/Telenav/Game/glfw-3.1.1/lib-MacOS-10.8/CMakeFiles/feature_tests.c -o /Users/andreis4/Desktop/Telenav/Game/glfw-3.1.1/lib-MacOS-10.8/CMakeFiles/CMakeTmp/CMAKE_TRY_COMPILE.build/Debug/cmTC_3c4ce.build/Objects-normal/x86_64/feature_tests.o

WriteAuxiliaryFile /Users/andreis4/Desktop/Telenav/Game/glfw-3.1.1/lib-MacOS-10.8/CMakeFiles/CMakeTmp/CMAKE_TRY_COMPILE.build/Debug/cmTC_3c4ce.build/Objects-normal/x86_64/cmTC_3c4ce.LinkFileList (in target: cmTC_3c4ce)
    cd /Users/andreis4/Desktop/Telenav/Game/glfw-3.1.1/lib-MacOS-10.8/CMakeFiles/CMakeTmp
    write-file /Users/andreis4/Desktop/Telenav/Game/glfw-3.1.1/lib-MacOS-10.8/CMakeFiles/CMakeTmp/CMAKE_TRY_COMPILE.build/Debug/cmTC_3c4ce.build/Objects-normal/x86_64/cmTC_3c4ce.LinkFileList

Ld /Users/andreis4/Desktop/Telenav/Game/glfw-3.1.1/lib-MacOS-10.8/CMakeFiles/CMakeTmp/Debug/cmTC_3c4ce normal x86_64 (in target: cmTC_3c4ce)
    cd /Users/andreis4/Desktop/Telenav/Game/glfw-3.1.1/lib-MacOS-10.8/CMakeFiles/CMakeTmp
    export MACOSX_DEPLOYMENT_TARGET=10.13
    /Applications/Xcode.app/Contents/Developer/Toolchains/XcodeDefault.xctoolchain/usr/bin/clang -arch x86_64 -isysroot /Applications/Xcode.app/Contents/Developer/Platforms/MacOSX.platform/Developer/SDKs/MacOSX10.14.sdk -L/Users/andreis4/Desktop/Telenav/Game/glfw-3.1.1/lib-MacOS-10.8/CMakeFiles/CMakeTmp/Debug -F/Users/andreis4/Desktop/Telenav/Game/glfw-3.1.1/lib-MacOS-10.8/CMakeFiles/CMakeTmp/Debug -filelist /Users/andreis4/Desktop/Telenav/Game/glfw-3.1.1/lib-MacOS-10.8/CMakeFiles/CMakeTmp/CMAKE_TRY_COMPILE.build/Debug/cmTC_3c4ce.build/Objects-normal/x86_64/cmTC_3c4ce.LinkFileList -mmacosx-version-min=10.13 -Xlinker -object_path_lto -Xlinker /Users/andreis4/Desktop/Telenav/Game/glfw-3.1.1/lib-MacOS-10.8/CMakeFiles/CMakeTmp/CMAKE_TRY_COMPILE.build/Debug/cmTC_3c4ce.build/Objects-normal/x86_64/cmTC_3c4ce_lto.o -Xlinker -no_deduplicate -Wl,-search_paths_first -Wl,-headerpad_max_install_names -Xlinker -dependency_info -Xlinker /Users/andreis4/Desktop/Telenav/Game/glfw-3.1.1/lib-MacOS-10.8/CMakeFiles/CMakeTmp/CMAKE_TRY_COMPILE.build/Debug/cmTC_3c4ce.build/Objects-normal/x86_64/cmTC_3c4ce_dependency_info.dat -o /Users/andreis4/Desktop/Telenav/Game/glfw-3.1.1/lib-MacOS-10.8/CMakeFiles/CMakeTmp/Debug/cmTC_3c4ce

** BUILD SUCCEEDED **



    Feature record: C_FEATURE:1c_function_prototypes
    Feature record: C_FEATURE:1c_restrict
    Feature record: C_FEATURE:1c_static_assert
    Feature record: C_FEATURE:1c_variadic_macros


Detecting C [-std=c99] compiler features compiled with the following output:
Change Dir: /Users/andreis4/Desktop/Telenav/Game/glfw-3.1.1/lib-MacOS-10.8/CMakeFiles/CMakeTmp

Run Build Command:"/usr/bin/xcodebuild" "-project" "CMAKE_TRY_COMPILE.xcodeproj" "build" "-target" "cmTC_ff34a" "-configuration" "Debug"
note: Using new build system
note: Planning build
note: Constructing build description
CreateBuildDirectory /Users/andreis4/Desktop/Telenav/Game/glfw-3.1.1/lib-MacOS-10.8/CMakeFiles/CMakeTmp (in target: cmTC_ff34a)
    cd /Users/andreis4/Desktop/Telenav/Game/glfw-3.1.1/lib-MacOS-10.8/CMakeFiles/CMakeTmp
    builtin-create-build-directory /Users/andreis4/Desktop/Telenav/Game/glfw-3.1.1/lib-MacOS-10.8/CMakeFiles/CMakeTmp

CompileC /Users/andreis4/Desktop/Telenav/Game/glfw-3.1.1/lib-MacOS-10.8/CMakeFiles/CMakeTmp/CMAKE_TRY_COMPILE.build/Debug/cmTC_ff34a.build/Objects-normal/x86_64/feature_tests.o /Users/andreis4/Desktop/Telenav/Game/glfw-3.1.1/lib-MacOS-10.8/CMakeFiles/feature_tests.c normal x86_64 c com.apple.compilers.llvm.clang.1_0.compiler (in target: cmTC_ff34a)
    cd /Users/andreis4/Desktop/Telenav/Game/glfw-3.1.1/lib-MacOS-10.8/CMakeFiles/CMakeTmp
    export LANG=en_US.US-ASCII
    /Applications/Xcode.app/Contents/Developer/Toolchains/XcodeDefault.xctoolchain/usr/bin/clang -x c -arch x86_64 -fmessage-length=0 -fdiagnostics-show-note-include-stack -fmacro-backtrace-limit=0 -Wno-trigraphs -fpascal-strings -O0 -Wno-missing-field-initializers -Wno-missing-prototypes -Wno-return-type -Wno-missing-braces -Wparentheses -Wswitch -Wno-unused-function -Wno-unused-label -Wno-unused-parameter -Wno-unused-variable -Wunused-value -Wno-empty-body -Wno-uninitialized -Wno-unknown-pragmas -Wno-shadow -Wno-four-char-constants -Wno-conversion -Wno-constant-conversion -Wno-int-conversion -Wno-bool-conversion -Wno-enum-conversion -Wno-float-conversion -Wno-non-literal-null-conversion -Wno-objc-literal-conversion -Wno-shorten-64-to-32 -Wpointer-sign -Wno-newline-eof -DCMAKE_INTDIR=\"Debug\" -isysroot /Applications/Xcode.app/Contents/Developer/Platforms/MacOSX.platform/Developer/SDKs/MacOSX10.14.sdk -fasm-blocks -fstrict-aliasing -Wdeprecated-declarations -mmacosx-version-min=10.13 -g -Wno-sign-conversion -Wno-infinite-recursion -Wno-comma -Wno-block-capture-autoreleasing -Wno-strict-prototypes -Wno-semicolon-before-method-body -I/Users/andreis4/Desktop/Telenav/Game/glfw-3.1.1/lib-MacOS-10.8/CMakeFiles/CMakeTmp/Debug/include -I/Users/andreis4/Desktop/Telenav/Game/glfw-3.1.1/lib-MacOS-10.8/CMakeFiles/CMakeTmp/CMAKE_TRY_COMPILE.build/Debug/cmTC_ff34a.build/DerivedSources/x86_64 -I/Users/andreis4/Desktop/Telenav/Game/glfw-3.1.1/lib-MacOS-10.8/CMakeFiles/CMakeTmp/CMAKE_TRY_COMPILE.build/Debug/cmTC_ff34a.build/DerivedSources -Wmost -Wno-four-char-constants -Wno-unknown-pragmas -F/Users/andreis4/Desktop/Telenav/Game/glfw-3.1.1/lib-MacOS-10.8/CMakeFiles/CMakeTmp/Debug -std=c99 -MMD -MT dependencies -MF /Users/andreis4/Desktop/Telenav/Game/glfw-3.1.1/lib-MacOS-10.8/CMakeFiles/CMakeTmp/CMAKE_TRY_COMPILE.build/Debug/cmTC_ff34a.build/Objects-normal/x86_64/feature_tests.d --serialize-diagnostics /Users/andreis4/Desktop/Telenav/Game/glfw-3.1.1/lib-MacOS-10.8/CMakeFiles/CMakeTmp/CMAKE_TRY_COMPILE.build/Debug/cmTC_ff34a.build/Objects-normal/x86_64/feature_tests.dia -c /Users/andreis4/Desktop/Telenav/Game/glfw-3.1.1/lib-MacOS-10.8/CMakeFiles/feature_tests.c -o /Users/andreis4/Desktop/Telenav/Game/glfw-3.1.1/lib-MacOS-10.8/CMakeFiles/CMakeTmp/CMAKE_TRY_COMPILE.build/Debug/cmTC_ff34a.build/Objects-normal/x86_64/feature_tests.o

WriteAuxiliaryFile /Users/andreis4/Desktop/Telenav/Game/glfw-3.1.1/lib-MacOS-10.8/CMakeFiles/CMakeTmp/CMAKE_TRY_COMPILE.build/Debug/cmTC_ff34a.build/Objects-normal/x86_64/cmTC_ff34a.LinkFileList (in target: cmTC_ff34a)
    cd /Users/andreis4/Desktop/Telenav/Game/glfw-3.1.1/lib-MacOS-10.8/CMakeFiles/CMakeTmp
    write-file /Users/andreis4/Desktop/Telenav/Game/glfw-3.1.1/lib-MacOS-10.8/CMakeFiles/CMakeTmp/CMAKE_TRY_COMPILE.build/Debug/cmTC_ff34a.build/Objects-normal/x86_64/cmTC_ff34a.LinkFileList

Ld /Users/andreis4/Desktop/Telenav/Game/glfw-3.1.1/lib-MacOS-10.8/CMakeFiles/CMakeTmp/Debug/cmTC_ff34a normal x86_64 (in target: cmTC_ff34a)
    cd /Users/andreis4/Desktop/Telenav/Game/glfw-3.1.1/lib-MacOS-10.8/CMakeFiles/CMakeTmp
    export MACOSX_DEPLOYMENT_TARGET=10.13
    /Applications/Xcode.app/Contents/Developer/Toolchains/XcodeDefault.xctoolchain/usr/bin/clang -arch x86_64 -isysroot /Applications/Xcode.app/Contents/Developer/Platforms/MacOSX.platform/Developer/SDKs/MacOSX10.14.sdk -L/Users/andreis4/Desktop/Telenav/Game/glfw-3.1.1/lib-MacOS-10.8/CMakeFiles/CMakeTmp/Debug -F/Users/andreis4/Desktop/Telenav/Game/glfw-3.1.1/lib-MacOS-10.8/CMakeFiles/CMakeTmp/Debug -filelist /Users/andreis4/Desktop/Telenav/Game/glfw-3.1.1/lib-MacOS-10.8/CMakeFiles/CMakeTmp/CMAKE_TRY_COMPILE.build/Debug/cmTC_ff34a.build/Objects-normal/x86_64/cmTC_ff34a.LinkFileList -mmacosx-version-min=10.13 -Xlinker -object_path_lto -Xlinker /Users/andreis4/Desktop/Telenav/Game/glfw-3.1.1/lib-MacOS-10.8/CMakeFiles/CMakeTmp/CMAKE_TRY_COMPILE.build/Debug/cmTC_ff34a.build/Objects-normal/x86_64/cmTC_ff34a_lto.o -Xlinker -no_deduplicate -Wl,-search_paths_first -Wl,-headerpad_max_install_names -Xlinker -dependency_info -Xlinker /Users/andreis4/Desktop/Telenav/Game/glfw-3.1.1/lib-MacOS-10.8/CMakeFiles/CMakeTmp/CMAKE_TRY_COMPILE.build/Debug/cmTC_ff34a.build/Objects-normal/x86_64/cmTC_ff34a_dependency_info.dat -o /Users/andreis4/Desktop/Telenav/Game/glfw-3.1.1/lib-MacOS-10.8/CMakeFiles/CMakeTmp/Debug/cmTC_ff34a

** BUILD SUCCEEDED **



    Feature record: C_FEATURE:1c_function_prototypes
    Feature record: C_FEATURE:1c_restrict
    Feature record: C_FEATURE:0c_static_assert
    Feature record: C_FEATURE:1c_variadic_macros


Detecting C [-std=c90] compiler features compiled with the following output:
Change Dir: /Users/andreis4/Desktop/Telenav/Game/glfw-3.1.1/lib-MacOS-10.8/CMakeFiles/CMakeTmp

Run Build Command:"/usr/bin/xcodebuild" "-project" "CMAKE_TRY_COMPILE.xcodeproj" "build" "-target" "cmTC_8d969" "-configuration" "Debug"
note: Using new build system
note: Planning build
note: Constructing build description
CreateBuildDirectory /Users/andreis4/Desktop/Telenav/Game/glfw-3.1.1/lib-MacOS-10.8/CMakeFiles/CMakeTmp (in target: cmTC_8d969)
    cd /Users/andreis4/Desktop/Telenav/Game/glfw-3.1.1/lib-MacOS-10.8/CMakeFiles/CMakeTmp
    builtin-create-build-directory /Users/andreis4/Desktop/Telenav/Game/glfw-3.1.1/lib-MacOS-10.8/CMakeFiles/CMakeTmp

CompileC /Users/andreis4/Desktop/Telenav/Game/glfw-3.1.1/lib-MacOS-10.8/CMakeFiles/CMakeTmp/CMAKE_TRY_COMPILE.build/Debug/cmTC_8d969.build/Objects-normal/x86_64/feature_tests.o /Users/andreis4/Desktop/Telenav/Game/glfw-3.1.1/lib-MacOS-10.8/CMakeFiles/feature_tests.c normal x86_64 c com.apple.compilers.llvm.clang.1_0.compiler (in target: cmTC_8d969)
    cd /Users/andreis4/Desktop/Telenav/Game/glfw-3.1.1/lib-MacOS-10.8/CMakeFiles/CMakeTmp
    export LANG=en_US.US-ASCII
    /Applications/Xcode.app/Contents/Developer/Toolchains/XcodeDefault.xctoolchain/usr/bin/clang -x c -arch x86_64 -fmessage-length=0 -fdiagnostics-show-note-include-stack -fmacro-backtrace-limit=0 -Wno-trigraphs -fpascal-strings -O0 -Wno-missing-field-initializers -Wno-missing-prototypes -Wno-return-type -Wno-missing-braces -Wparentheses -Wswitch -Wno-unused-function -Wno-unused-label -Wno-unused-parameter -Wno-unused-variable -Wunused-value -Wno-empty-body -Wno-uninitialized -Wno-unknown-pragmas -Wno-shadow -Wno-four-char-constants -Wno-conversion -Wno-constant-conversion -Wno-int-conversion -Wno-bool-conversion -Wno-enum-conversion -Wno-float-conversion -Wno-non-literal-null-conversion -Wno-objc-literal-conversion -Wno-shorten-64-to-32 -Wpointer-sign -Wno-newline-eof -DCMAKE_INTDIR=\"Debug\" -isysroot /Applications/Xcode.app/Contents/Developer/Platforms/MacOSX.platform/Developer/SDKs/MacOSX10.14.sdk -fasm-blocks -fstrict-aliasing -Wdeprecated-declarations -mmacosx-version-min=10.13 -g -Wno-sign-conversion -Wno-infinite-recursion -Wno-comma -Wno-block-capture-autoreleasing -Wno-strict-prototypes -Wno-semicolon-before-method-body -I/Users/andreis4/Desktop/Telenav/Game/glfw-3.1.1/lib-MacOS-10.8/CMakeFiles/CMakeTmp/Debug/include -I/Users/andreis4/Desktop/Telenav/Game/glfw-3.1.1/lib-MacOS-10.8/CMakeFiles/CMakeTmp/CMAKE_TRY_COMPILE.build/Debug/cmTC_8d969.build/DerivedSources/x86_64 -I/Users/andreis4/Desktop/Telenav/Game/glfw-3.1.1/lib-MacOS-10.8/CMakeFiles/CMakeTmp/CMAKE_TRY_COMPILE.build/Debug/cmTC_8d969.build/DerivedSources -Wmost -Wno-four-char-constants -Wno-unknown-pragmas -F/Users/andreis4/Desktop/Telenav/Game/glfw-3.1.1/lib-MacOS-10.8/CMakeFiles/CMakeTmp/Debug -std=c90 -MMD -MT dependencies -MF /Users/andreis4/Desktop/Telenav/Game/glfw-3.1.1/lib-MacOS-10.8/CMakeFiles/CMakeTmp/CMAKE_TRY_COMPILE.build/Debug/cmTC_8d969.build/Objects-normal/x86_64/feature_tests.d --serialize-diagnostics /Users/andreis4/Desktop/Telenav/Game/glfw-3.1.1/lib-MacOS-10.8/CMakeFiles/CMakeTmp/CMAKE_TRY_COMPILE.build/Debug/cmTC_8d969.build/Objects-normal/x86_64/feature_tests.dia -c /Users/andreis4/Desktop/Telenav/Game/glfw-3.1.1/lib-MacOS-10.8/CMakeFiles/feature_tests.c -o /Users/andreis4/Desktop/Telenav/Game/glfw-3.1.1/lib-MacOS-10.8/CMakeFiles/CMakeTmp/CMAKE_TRY_COMPILE.build/Debug/cmTC_8d969.build/Objects-normal/x86_64/feature_tests.o

WriteAuxiliaryFile /Users/andreis4/Desktop/Telenav/Game/glfw-3.1.1/lib-MacOS-10.8/CMakeFiles/CMakeTmp/CMAKE_TRY_COMPILE.build/Debug/cmTC_8d969.build/Objects-normal/x86_64/cmTC_8d969.LinkFileList (in target: cmTC_8d969)
    cd /Users/andreis4/Desktop/Telenav/Game/glfw-3.1.1/lib-MacOS-10.8/CMakeFiles/CMakeTmp
    write-file /Users/andreis4/Desktop/Telenav/Game/glfw-3.1.1/lib-MacOS-10.8/CMakeFiles/CMakeTmp/CMAKE_TRY_COMPILE.build/Debug/cmTC_8d969.build/Objects-normal/x86_64/cmTC_8d969.LinkFileList

Ld /Users/andreis4/Desktop/Telenav/Game/glfw-3.1.1/lib-MacOS-10.8/CMakeFiles/CMakeTmp/Debug/cmTC_8d969 normal x86_64 (in target: cmTC_8d969)
    cd /Users/andreis4/Desktop/Telenav/Game/glfw-3.1.1/lib-MacOS-10.8/CMakeFiles/CMakeTmp
    export MACOSX_DEPLOYMENT_TARGET=10.13
    /Applications/Xcode.app/Contents/Developer/Toolchains/XcodeDefault.xctoolchain/usr/bin/clang -arch x86_64 -isysroot /Applications/Xcode.app/Contents/Developer/Platforms/MacOSX.platform/Developer/SDKs/MacOSX10.14.sdk -L/Users/andreis4/Desktop/Telenav/Game/glfw-3.1.1/lib-MacOS-10.8/CMakeFiles/CMakeTmp/Debug -F/Users/andreis4/Desktop/Telenav/Game/glfw-3.1.1/lib-MacOS-10.8/CMakeFiles/CMakeTmp/Debug -filelist /Users/andreis4/Desktop/Telenav/Game/glfw-3.1.1/lib-MacOS-10.8/CMakeFiles/CMakeTmp/CMAKE_TRY_COMPILE.build/Debug/cmTC_8d969.build/Objects-normal/x86_64/cmTC_8d969.LinkFileList -mmacosx-version-min=10.13 -Xlinker -object_path_lto -Xlinker /Users/andreis4/Desktop/Telenav/Game/glfw-3.1.1/lib-MacOS-10.8/CMakeFiles/CMakeTmp/CMAKE_TRY_COMPILE.build/Debug/cmTC_8d969.build/Objects-normal/x86_64/cmTC_8d969_lto.o -Xlinker -no_deduplicate -Wl,-search_paths_first -Wl,-headerpad_max_install_names -Xlinker -dependency_info -Xlinker /Users/andreis4/Desktop/Telenav/Game/glfw-3.1.1/lib-MacOS-10.8/CMakeFiles/CMakeTmp/CMAKE_TRY_COMPILE.build/Debug/cmTC_8d969.build/Objects-normal/x86_64/cmTC_8d969_dependency_info.dat -o /Users/andreis4/Desktop/Telenav/Game/glfw-3.1.1/lib-MacOS-10.8/CMakeFiles/CMakeTmp/Debug/cmTC_8d969

** BUILD SUCCEEDED **



    Feature record: C_FEATURE:1c_function_prototypes
    Feature record: C_FEATURE:0c_restrict
    Feature record: C_FEATURE:0c_static_assert
    Feature record: C_FEATURE:0c_variadic_macros
Determining if the include file pthread.h exists passed with the following output:
Change Dir: /Users/andreis4/Desktop/Telenav/Game/glfw-3.1.1/lib-MacOS-10.8/CMakeFiles/CMakeTmp

Run Build Command:"/usr/bin/xcodebuild" "-project" "CMAKE_TRY_COMPILE.xcodeproj" "build" "-target" "cmTC_aaf30" "-configuration" "Debug"
note: Using new build system
note: Planning build
note: Constructing build description
CreateBuildDirectory /Users/andreis4/Desktop/Telenav/Game/glfw-3.1.1/lib-MacOS-10.8/CMakeFiles/CMakeTmp (in target: cmTC_aaf30)
    cd /Users/andreis4/Desktop/Telenav/Game/glfw-3.1.1/lib-MacOS-10.8/CMakeFiles/CMakeTmp
    builtin-create-build-directory /Users/andreis4/Desktop/Telenav/Game/glfw-3.1.1/lib-MacOS-10.8/CMakeFiles/CMakeTmp

WriteAuxiliaryFile /Users/andreis4/Desktop/Telenav/Game/glfw-3.1.1/lib-MacOS-10.8/CMakeFiles/CMakeTmp/CMAKE_TRY_COMPILE.build/Debug/cmTC_aaf30.build/Objects-normal/x86_64/cmTC_aaf30.LinkFileList (in target: cmTC_aaf30)
    cd /Users/andreis4/Desktop/Telenav/Game/glfw-3.1.1/lib-MacOS-10.8/CMakeFiles/CMakeTmp
    write-file /Users/andreis4/Desktop/Telenav/Game/glfw-3.1.1/lib-MacOS-10.8/CMakeFiles/CMakeTmp/CMAKE_TRY_COMPILE.build/Debug/cmTC_aaf30.build/Objects-normal/x86_64/cmTC_aaf30.LinkFileList

CompileC /Users/andreis4/Desktop/Telenav/Game/glfw-3.1.1/lib-MacOS-10.8/CMakeFiles/CMakeTmp/CMAKE_TRY_COMPILE.build/Debug/cmTC_aaf30.build/Objects-normal/x86_64/CheckIncludeFile.o /Users/andreis4/Desktop/Telenav/Game/glfw-3.1.1/lib-MacOS-10.8/CMakeFiles/CMakeTmp/CheckIncludeFile.c normal x86_64 c com.apple.compilers.llvm.clang.1_0.compiler (in target: cmTC_aaf30)
    cd /Users/andreis4/Desktop/Telenav/Game/glfw-3.1.1/lib-MacOS-10.8/CMakeFiles/CMakeTmp
    export LANG=en_US.US-ASCII
    /Applications/Xcode.app/Contents/Developer/Toolchains/XcodeDefault.xctoolchain/usr/bin/clang -x c -arch x86_64 -fmessage-length=0 -fdiagnostics-show-note-include-stack -fmacro-backtrace-limit=0 -Wno-trigraphs -fpascal-strings -O0 -Wno-missing-field-initializers -Wno-missing-prototypes -Wno-return-type -Wno-missing-braces -Wparentheses -Wswitch -Wno-unused-function -Wno-unused-label -Wno-unused-parameter -Wno-unused-variable -Wunused-value -Wno-empty-body -Wno-uninitialized -Wno-unknown-pragmas -Wno-shadow -Wno-four-char-constants -Wno-conversion -Wno-constant-conversion -Wno-int-conversion -Wno-bool-conversion -Wno-enum-conversion -Wno-float-conversion -Wno-non-literal-null-conversion -Wno-objc-literal-conversion -Wno-shorten-64-to-32 -Wpointer-sign -Wno-newline-eof -DCMAKE_INTDIR=\"Debug\" -isysroot /Applications/Xcode.app/Contents/Developer/Platforms/MacOSX.platform/Developer/SDKs/MacOSX10.14.sdk -fasm-blocks -fstrict-aliasing -Wdeprecated-declarations -mmacosx-version-min=10.13 -g -Wno-sign-conversion -Wno-infinite-recursion -Wno-comma -Wno-block-capture-autoreleasing -Wno-strict-prototypes -Wno-semicolon-before-method-body -I/Users/andreis4/Desktop/Telenav/Game/glfw-3.1.1/lib-MacOS-10.8/CMakeFiles/CMakeTmp/Debug/include -I/Users/andreis4/Desktop/Telenav/Game/glfw-3.1.1/lib-MacOS-10.8/CMakeFiles/CMakeTmp/CMAKE_TRY_COMPILE.build/Debug/cmTC_aaf30.build/DerivedSources/x86_64 -I/Users/andreis4/Desktop/Telenav/Game/glfw-3.1.1/lib-MacOS-10.8/CMakeFiles/CMakeTmp/CMAKE_TRY_COMPILE.build/Debug/cmTC_aaf30.build/DerivedSources -Wmost -Wno-four-char-constants -Wno-unknown-pragmas -F/Users/andreis4/Desktop/Telenav/Game/glfw-3.1.1/lib-MacOS-10.8/CMakeFiles/CMakeTmp/Debug -MMD -MT dependencies -MF /Users/andreis4/Desktop/Telenav/Game/glfw-3.1.1/lib-MacOS-10.8/CMakeFiles/CMakeTmp/CMAKE_TRY_COMPILE.build/Debug/cmTC_aaf30.build/Objects-normal/x86_64/CheckIncludeFile.d --serialize-diagnostics /Users/andreis4/Desktop/Telenav/Game/glfw-3.1.1/lib-MacOS-10.8/CMakeFiles/CMakeTmp/CMAKE_TRY_COMPILE.build/Debug/cmTC_aaf30.build/Objects-normal/x86_64/CheckIncludeFile.dia -c /Users/andreis4/Desktop/Telenav/Game/glfw-3.1.1/lib-MacOS-10.8/CMakeFiles/CMakeTmp/CheckIncludeFile.c -o /Users/andreis4/Desktop/Telenav/Game/glfw-3.1.1/lib-MacOS-10.8/CMakeFiles/CMakeTmp/CMAKE_TRY_COMPILE.build/Debug/cmTC_aaf30.build/Objects-normal/x86_64/CheckIncludeFile.o

Ld /Users/andreis4/Desktop/Telenav/Game/glfw-3.1.1/lib-MacOS-10.8/CMakeFiles/CMakeTmp/Debug/cmTC_aaf30 normal x86_64 (in target: cmTC_aaf30)
    cd /Users/andreis4/Desktop/Telenav/Game/glfw-3.1.1/lib-MacOS-10.8/CMakeFiles/CMakeTmp
    export MACOSX_DEPLOYMENT_TARGET=10.13
    /Applications/Xcode.app/Contents/Developer/Toolchains/XcodeDefault.xctoolchain/usr/bin/clang -arch x86_64 -isysroot /Applications/Xcode.app/Contents/Developer/Platforms/MacOSX.platform/Developer/SDKs/MacOSX10.14.sdk -L/Users/andreis4/Desktop/Telenav/Game/glfw-3.1.1/lib-MacOS-10.8/CMakeFiles/CMakeTmp/Debug -F/Users/andreis4/Desktop/Telenav/Game/glfw-3.1.1/lib-MacOS-10.8/CMakeFiles/CMakeTmp/Debug -filelist /Users/andreis4/Desktop/Telenav/Game/glfw-3.1.1/lib-MacOS-10.8/CMakeFiles/CMakeTmp/CMAKE_TRY_COMPILE.build/Debug/cmTC_aaf30.build/Objects-normal/x86_64/cmTC_aaf30.LinkFileList -mmacosx-version-min=10.13 -Xlinker -object_path_lto -Xlinker /Users/andreis4/Desktop/Telenav/Game/glfw-3.1.1/lib-MacOS-10.8/CMakeFiles/CMakeTmp/CMAKE_TRY_COMPILE.build/Debug/cmTC_aaf30.build/Objects-normal/x86_64/cmTC_aaf30_lto.o -Xlinker -no_deduplicate -Wl,-search_paths_first -Wl,-headerpad_max_install_names -Xlinker -dependency_info -Xlinker /Users/andreis4/Desktop/Telenav/Game/glfw-3.1.1/lib-MacOS-10.8/CMakeFiles/CMakeTmp/CMAKE_TRY_COMPILE.build/Debug/cmTC_aaf30.build/Objects-normal/x86_64/cmTC_aaf30_dependency_info.dat -o /Users/andreis4/Desktop/Telenav/Game/glfw-3.1.1/lib-MacOS-10.8/CMakeFiles/CMakeTmp/Debug/cmTC_aaf30

** BUILD SUCCEEDED **



Determining if the pthread_create exist passed with the following output:
Change Dir: /Users/andreis4/Desktop/Telenav/Game/glfw-3.1.1/lib-MacOS-10.8/CMakeFiles/CMakeTmp

Run Build Command:"/usr/bin/xcodebuild" "-project" "CMAKE_TRY_COMPILE.xcodeproj" "build" "-target" "cmTC_77cd1" "-configuration" "Debug"
note: Using new build system
note: Planning build
note: Constructing build description
CreateBuildDirectory /Users/andreis4/Desktop/Telenav/Game/glfw-3.1.1/lib-MacOS-10.8/CMakeFiles/CMakeTmp (in target: cmTC_77cd1)
    cd /Users/andreis4/Desktop/Telenav/Game/glfw-3.1.1/lib-MacOS-10.8/CMakeFiles/CMakeTmp
    builtin-create-build-directory /Users/andreis4/Desktop/Telenav/Game/glfw-3.1.1/lib-MacOS-10.8/CMakeFiles/CMakeTmp

CompileC /Users/andreis4/Desktop/Telenav/Game/glfw-3.1.1/lib-MacOS-10.8/CMakeFiles/CMakeTmp/CMAKE_TRY_COMPILE.build/Debug/cmTC_77cd1.build/Objects-normal/x86_64/CheckSymbolExists.o /Users/andreis4/Desktop/Telenav/Game/glfw-3.1.1/lib-MacOS-10.8/CMakeFiles/CMakeTmp/CheckSymbolExists.c normal x86_64 c com.apple.compilers.llvm.clang.1_0.compiler (in target: cmTC_77cd1)
    cd /Users/andreis4/Desktop/Telenav/Game/glfw-3.1.1/lib-MacOS-10.8/CMakeFiles/CMakeTmp
    export LANG=en_US.US-ASCII
    /Applications/Xcode.app/Contents/Developer/Toolchains/XcodeDefault.xctoolchain/usr/bin/clang -x c -arch x86_64 -fmessage-length=0 -fdiagnostics-show-note-include-stack -fmacro-backtrace-limit=0 -Wno-trigraphs -fpascal-strings -O0 -Wno-missing-field-initializers -Wno-missing-prototypes -Wno-return-type -Wno-missing-braces -Wparentheses -Wswitch -Wno-unused-function -Wno-unused-label -Wno-unused-parameter -Wno-unused-variable -Wunused-value -Wno-empty-body -Wno-uninitialized -Wno-unknown-pragmas -Wno-shadow -Wno-four-char-constants -Wno-conversion -Wno-constant-conversion -Wno-int-conversion -Wno-bool-conversion -Wno-enum-conversion -Wno-float-conversion -Wno-non-literal-null-conversion -Wno-objc-literal-conversion -Wno-shorten-64-to-32 -Wpointer-sign -Wno-newline-eof -DCMAKE_INTDIR=\"Debug\" -isysroot /Applications/Xcode.app/Contents/Developer/Platforms/MacOSX.platform/Developer/SDKs/MacOSX10.14.sdk -fasm-blocks -fstrict-aliasing -Wdeprecated-declarations -mmacosx-version-min=10.13 -g -Wno-sign-conversion -Wno-infinite-recursion -Wno-comma -Wno-block-capture-autoreleasing -Wno-strict-prototypes -Wno-semicolon-before-method-body -I/Users/andreis4/Desktop/Telenav/Game/glfw-3.1.1/lib-MacOS-10.8/CMakeFiles/CMakeTmp/Debug/include -I/Users/andreis4/Desktop/Telenav/Game/glfw-3.1.1/lib-MacOS-10.8/CMakeFiles/CMakeTmp/CMAKE_TRY_COMPILE.build/Debug/cmTC_77cd1.build/DerivedSources/x86_64 -I/Users/andreis4/Desktop/Telenav/Game/glfw-3.1.1/lib-MacOS-10.8/CMakeFiles/CMakeTmp/CMAKE_TRY_COMPILE.build/Debug/cmTC_77cd1.build/DerivedSources -Wmost -Wno-four-char-constants -Wno-unknown-pragmas -F/Users/andreis4/Desktop/Telenav/Game/glfw-3.1.1/lib-MacOS-10.8/CMakeFiles/CMakeTmp/Debug -MMD -MT dependencies -MF /Users/andreis4/Desktop/Telenav/Game/glfw-3.1.1/lib-MacOS-10.8/CMakeFiles/CMakeTmp/CMAKE_TRY_COMPILE.build/Debug/cmTC_77cd1.build/Objects-normal/x86_64/CheckSymbolExists.d --serialize-diagnostics /Users/andreis4/Desktop/Telenav/Game/glfw-3.1.1/lib-MacOS-10.8/CMakeFiles/CMakeTmp/CMAKE_TRY_COMPILE.build/Debug/cmTC_77cd1.build/Objects-normal/x86_64/CheckSymbolExists.dia -c /Users/andreis4/Desktop/Telenav/Game/glfw-3.1.1/lib-MacOS-10.8/CMakeFiles/CMakeTmp/CheckSymbolExists.c -o /Users/andreis4/Desktop/Telenav/Game/glfw-3.1.1/lib-MacOS-10.8/CMakeFiles/CMakeTmp/CMAKE_TRY_COMPILE.build/Debug/cmTC_77cd1.build/Objects-normal/x86_64/CheckSymbolExists.o

WriteAuxiliaryFile /Users/andreis4/Desktop/Telenav/Game/glfw-3.1.1/lib-MacOS-10.8/CMakeFiles/CMakeTmp/CMAKE_TRY_COMPILE.build/Debug/cmTC_77cd1.build/Objects-normal/x86_64/cmTC_77cd1.LinkFileList (in target: cmTC_77cd1)
    cd /Users/andreis4/Desktop/Telenav/Game/glfw-3.1.1/lib-MacOS-10.8/CMakeFiles/CMakeTmp
    write-file /Users/andreis4/Desktop/Telenav/Game/glfw-3.1.1/lib-MacOS-10.8/CMakeFiles/CMakeTmp/CMAKE_TRY_COMPILE.build/Debug/cmTC_77cd1.build/Objects-normal/x86_64/cmTC_77cd1.LinkFileList

Ld /Users/andreis4/Desktop/Telenav/Game/glfw-3.1.1/lib-MacOS-10.8/CMakeFiles/CMakeTmp/Debug/cmTC_77cd1 normal x86_64 (in target: cmTC_77cd1)
    cd /Users/andreis4/Desktop/Telenav/Game/glfw-3.1.1/lib-MacOS-10.8/CMakeFiles/CMakeTmp
    export MACOSX_DEPLOYMENT_TARGET=10.13
    /Applications/Xcode.app/Contents/Developer/Toolchains/XcodeDefault.xctoolchain/usr/bin/clang -arch x86_64 -isysroot /Applications/Xcode.app/Contents/Developer/Platforms/MacOSX.platform/Developer/SDKs/MacOSX10.14.sdk -L/Users/andreis4/Desktop/Telenav/Game/glfw-3.1.1/lib-MacOS-10.8/CMakeFiles/CMakeTmp/Debug -F/Users/andreis4/Desktop/Telenav/Game/glfw-3.1.1/lib-MacOS-10.8/CMakeFiles/CMakeTmp/Debug -filelist /Users/andreis4/Desktop/Telenav/Game/glfw-3.1.1/lib-MacOS-10.8/CMakeFiles/CMakeTmp/CMAKE_TRY_COMPILE.build/Debug/cmTC_77cd1.build/Objects-normal/x86_64/cmTC_77cd1.LinkFileList -mmacosx-version-min=10.13 -Xlinker -object_path_lto -Xlinker /Users/andreis4/Desktop/Telenav/Game/glfw-3.1.1/lib-MacOS-10.8/CMakeFiles/CMakeTmp/CMAKE_TRY_COMPILE.build/Debug/cmTC_77cd1.build/Objects-normal/x86_64/cmTC_77cd1_lto.o -Xlinker -no_deduplicate -Wl,-search_paths_first -Wl,-headerpad_max_install_names -Xlinker -dependency_info -Xlinker /Users/andreis4/Desktop/Telenav/Game/glfw-3.1.1/lib-MacOS-10.8/CMakeFiles/CMakeTmp/CMAKE_TRY_COMPILE.build/Debug/cmTC_77cd1.build/Objects-normal/x86_64/cmTC_77cd1_dependency_info.dat -o /Users/andreis4/Desktop/Telenav/Game/glfw-3.1.1/lib-MacOS-10.8/CMakeFiles/CMakeTmp/Debug/cmTC_77cd1

** BUILD SUCCEEDED **


File /Users/andreis4/Desktop/Telenav/Game/glfw-3.1.1/lib-MacOS-10.8/CMakeFiles/CMakeTmp/CheckSymbolExists.c:
/* */
#include <pthread.h>

int main(int argc, char** argv)
{
  (void)argv;
#ifndef pthread_create
  return ((int*)(&pthread_create))[argc];
#else
  (void)argc;
  return 0;
#endif
}

